<?xml version="1.0" encoding="UTF-8"?>
<testng-results ignored="0" total="2" passed="2" failed="0" skipped="0">
  <reporter-output>
  </reporter-output>
  <suite started-at="2023-12-23T18:57:49 IST" name="NetBanking" finished-at="2023-12-23T18:58:17 IST" duration-ms="28338">
    <groups>
    </groups>
    <test started-at="2023-12-23T18:57:49 IST" name="Banking App Test" finished-at="2023-12-23T18:58:17 IST" duration-ms="28338">
      <class name="com.netbanking.testCases.NewAccountTest_TC001">
        <test-method is-config="true" signature="setUp(java.lang.String)[pri:0, instance:com.netbanking.testCases.NewAccountTest_TC001@69ee81fc]" started-at="2023-12-23T18:58:01 IST" name="setUp" finished-at="2023-12-23T18:58:09 IST" duration-ms="7890" status="PASS">
          <params>
            <param index="0">
              <value>
                <![CDATA[Chrome]]>
              </value>
            </param>
          </params>
          <reporter-output>
          </reporter-output>
        </test-method> <!-- setUp -->
        <test-method signature="newAccount()[pri:0, instance:com.netbanking.testCases.NewAccountTest_TC001@69ee81fc]" started-at="2023-12-23T18:58:09 IST" name="newAccount" finished-at="2023-12-23T18:58:16 IST" duration-ms="7200" status="PASS">
          <reporter-output>
          </reporter-output>
        </test-method> <!-- newAccount -->
        <test-method is-config="true" signature="logout()[pri:0, instance:com.netbanking.testCases.NewAccountTest_TC001@69ee81fc]" started-at="2023-12-23T18:58:16 IST" name="logout" finished-at="2023-12-23T18:58:17 IST" duration-ms="786" status="PASS">
          <reporter-output>
          </reporter-output>
        </test-method> <!-- logout -->
        <test-method is-config="true" signature="tearDown()[pri:0, instance:com.netbanking.testCases.NewAccountTest_TC001@69ee81fc]" started-at="2023-12-23T18:58:17 IST" name="tearDown" finished-at="2023-12-23T18:58:17 IST" duration-ms="363" status="PASS">
          <reporter-output>
          </reporter-output>
        </test-method> <!-- tearDown -->
      </class> <!-- com.netbanking.testCases.NewAccountTest_TC001 -->
      <class name="com.netbanking.testCases.LoginTest_TC001">
        <test-method is-config="true" signature="setUp(java.lang.String)[pri:0, instance:com.netbanking.testCases.LoginTest_TC001@7486b455]" started-at="2023-12-23T18:57:49 IST" name="setUp" finished-at="2023-12-23T18:57:58 IST" duration-ms="8854" status="PASS">
          <params>
            <param index="0">
              <value>
                <![CDATA[Chrome]]>
              </value>
            </param>
          </params>
          <reporter-output>
          </reporter-output>
        </test-method> <!-- setUp -->
        <test-method signature="LoginTest()[pri:0, instance:com.netbanking.testCases.LoginTest_TC001@7486b455]" started-at="2023-12-23T18:57:58 IST" name="LoginTest" finished-at="2023-12-23T18:57:59 IST" duration-ms="1373" status="PASS">
          <reporter-output>
          </reporter-output>
        </test-method> <!-- LoginTest -->
        <test-method is-config="true" signature="logout()[pri:0, instance:com.netbanking.testCases.LoginTest_TC001@7486b455]" started-at="2023-12-23T18:57:59 IST" name="logout" finished-at="2023-12-23T18:58:00 IST" duration-ms="1313" status="PASS">
          <reporter-output>
          </reporter-output>
        </test-method> <!-- logout -->
        <test-method is-config="true" signature="tearDown()[pri:0, instance:com.netbanking.testCases.LoginTest_TC001@7486b455]" started-at="2023-12-23T18:58:00 IST" name="tearDown" finished-at="2023-12-23T18:58:01 IST" duration-ms="290" status="PASS">
          <reporter-output>
          </reporter-output>
        </test-method> <!-- tearDown -->
      </class> <!-- com.netbanking.testCases.LoginTest_TC001 -->
    </test> <!-- Banking App Test -->
  </suite> <!-- NetBanking -->
</testng-results>
