<?xml version="1.0" encoding="UTF-8"?>
<testng-results ignored="0" total="2" passed="2" failed="0" skipped="0">
  <reporter-output>
  </reporter-output>
  <suite started-at="2023-12-23T18:15:22 IST" name="NetBanking" finished-at="2023-12-23T18:15:48 IST" duration-ms="25720">
    <groups>
    </groups>
    <test started-at="2023-12-23T18:15:22 IST" name="Banking App Test" finished-at="2023-12-23T18:15:48 IST" duration-ms="25720">
      <class name="com.netbanking.testCases.NewAccountTest_TC001">
        <test-method is-config="true" signature="setUp(java.lang.String)[pri:0, instance:com.netbanking.testCases.NewAccountTest_TC001@49c90a9c]" started-at="2023-12-23T18:15:38 IST" name="setUp" finished-at="2023-12-23T18:15:44 IST" duration-ms="6012" status="PASS">
          <params>
            <param index="0">
              <value>
                <![CDATA[Chrome]]>
              </value>
            </param>
          </params>
          <reporter-output>
          </reporter-output>
        </test-method> <!-- setUp -->
        <test-method signature="newAccount()[pri:0, instance:com.netbanking.testCases.NewAccountTest_TC001@49c90a9c]" started-at="2023-12-23T18:15:44 IST" name="newAccount" finished-at="2023-12-23T18:15:47 IST" duration-ms="2916" status="PASS">
          <reporter-output>
          </reporter-output>
        </test-method> <!-- newAccount -->
        <test-method is-config="true" signature="logout()[pri:0, instance:com.netbanking.testCases.NewAccountTest_TC001@49c90a9c]" started-at="2023-12-23T18:15:47 IST" name="logout" finished-at="2023-12-23T18:15:48 IST" duration-ms="1112" status="PASS">
          <reporter-output>
          </reporter-output>
        </test-method> <!-- logout -->
        <test-method is-config="true" signature="tearDown()[pri:0, instance:com.netbanking.testCases.NewAccountTest_TC001@49c90a9c]" started-at="2023-12-23T18:15:48 IST" name="tearDown" finished-at="2023-12-23T18:15:48 IST" duration-ms="185" status="PASS">
          <reporter-output>
          </reporter-output>
        </test-method> <!-- tearDown -->
      </class> <!-- com.netbanking.testCases.NewAccountTest_TC001 -->
      <class name="com.netbanking.testCases.LoginTest_TC001">
        <test-method is-config="true" signature="setUp(java.lang.String)[pri:0, instance:com.netbanking.testCases.LoginTest_TC001@1df8da7a]" started-at="2023-12-23T18:15:23 IST" name="setUp" finished-at="2023-12-23T18:15:35 IST" duration-ms="12135" status="PASS">
          <params>
            <param index="0">
              <value>
                <![CDATA[Chrome]]>
              </value>
            </param>
          </params>
          <reporter-output>
          </reporter-output>
        </test-method> <!-- setUp -->
        <test-method signature="LoginTest()[pri:0, instance:com.netbanking.testCases.LoginTest_TC001@1df8da7a]" started-at="2023-12-23T18:15:35 IST" name="LoginTest" finished-at="2023-12-23T18:15:36 IST" duration-ms="1689" status="PASS">
          <reporter-output>
          </reporter-output>
        </test-method> <!-- LoginTest -->
        <test-method is-config="true" signature="logout()[pri:0, instance:com.netbanking.testCases.LoginTest_TC001@1df8da7a]" started-at="2023-12-23T18:15:37 IST" name="logout" finished-at="2023-12-23T18:15:38 IST" duration-ms="1054" status="PASS">
          <reporter-output>
          </reporter-output>
        </test-method> <!-- logout -->
        <test-method is-config="true" signature="tearDown()[pri:0, instance:com.netbanking.testCases.LoginTest_TC001@1df8da7a]" started-at="2023-12-23T18:15:38 IST" name="tearDown" finished-at="2023-12-23T18:15:38 IST" duration-ms="312" status="PASS">
          <reporter-output>
          </reporter-output>
        </test-method> <!-- tearDown -->
      </class> <!-- com.netbanking.testCases.LoginTest_TC001 -->
    </test> <!-- Banking App Test -->
  </suite> <!-- NetBanking -->
</testng-results>
